<?xml version="1.0" encoding="UTF-8"?>
<testng-results ignored="0" total="1" passed="1" failed="0" skipped="0">
  <reporter-output>
  </reporter-output>
  <suite started-at="2024-06-10T12:45:03 IST" name="Default suite" finished-at="2024-06-10T12:45:16 IST" duration-ms="13158">
    <groups>
    </groups>
    <test started-at="2024-06-10T12:45:03 IST" name="Default test" finished-at="2024-06-10T12:45:16 IST" duration-ms="13158">
      <class name="testNg.UpdateProfile">
        <test-method signature="loginButtonClick()[pri:0, instance:testNg.UpdateProfile@2e6a8155]" started-at="2024-06-10T12:45:03 IST" name="loginButtonClick" finished-at="2024-06-10T12:45:16 IST" duration-ms="13046" status="PASS">
          <reporter-output>
          </reporter-output>
        </test-method> <!-- loginButtonClick -->
      </class> <!-- testNg.UpdateProfile -->
    </test> <!-- Default test -->
  </suite> <!-- Default suite -->
</testng-results>
